This is pdfTeX, Version 3.141592653-2.6-1.40.26 (MiKTeX 24.4) (preloaded format=pdflatex 2024.5.18)  1 DEC 2024 12:10
entering extended mode
 restricted \write18 enabled.
 %&-line parsing enabled.
**./output/letter.tex
(output/letter.tex
LaTeX2e <2023-11-01> patch level 1
L3 programming layer <2024-04-11>
(C:\Users\Admin\AppData\Roaming\MiKTeX\tex/latex/koma-script\scrlttr2.cls
Document Class: scrlttr2 2023/07/07 v3.41 KOMA-Script document class (letter)
(C:\Users\Admin\AppData\Roaming\MiKTeX\tex/latex/koma-script\scrkbase.sty
Package: scrkbase 2023/07/07 v3.41 KOMA-Script package (KOMA-Script-dependent b
asics and keyval usage)

(C:\Users\Admin\AppData\Roaming\MiKTeX\tex/latex/koma-script\scrbase.sty
Package: scrbase 2023/07/07 v3.41 KOMA-Script package (KOMA-Script-independent 
basics and keyval usage)

(C:\Users\Admin\AppData\Roaming\MiKTeX\tex/latex/koma-script\scrlfile.sty
Package: scrlfile 2023/07/07 v3.41 KOMA-Script package (file load hooks)

(C:\Users\Admin\AppData\Roaming\MiKTeX\tex/latex/koma-script\scrlfile-hook.sty
Package: scrlfile-hook 2023/07/07 v3.41 KOMA-Script package (using LaTeX hooks)


(C:\Users\Admin\AppData\Roaming\MiKTeX\tex/latex/koma-script\scrlogo.sty
Package: scrlogo 2023/07/07 v3.41 KOMA-Script package (logo)
)))
(C:\Program Files\MiKTeX\tex/latex/graphics\keyval.sty
Package: keyval 2022/05/29 v1.15 key=value parser (DPC)
\KV@toks@=\toks17
)
Applying: [2021/05/01] Usage of raw or classic option list on input line 252.
Already applied: [0000/00/00] Usage of raw or classic option list on input line
 368.
))
Class scrlttr2 Info: Switching compatibility level to `last'.
Class scrlttr2 Info: File `scrsize12pt.clo' used instead of
(scrlttr2)           file `scrsize12.clo' to setup font sizes on input line 204
2.

(C:\Users\Admin\AppData\Roaming\MiKTeX\tex/latex/koma-script\scrsize12pt.clo
File: scrsize12pt.clo 2023/07/07 v3.41 KOMA-Script font size class option (12pt
)
)
(C:\Users\Admin\AppData\Roaming\MiKTeX\tex/latex/koma-script\typearea.sty
Package: typearea 2023/07/07 v3.41 KOMA-Script package (type area)
\ta@bcor=\skip48
\ta@div=\count189
Package typearea Info: Switching compatibility level to `last'.
\ta@hblk=\skip49
\ta@vblk=\skip50
\ta@temp=\skip51
\footheight=\skip52
Package typearea Info: These are the values describing the layout:
(typearea)             DIV  = 12
(typearea)             BCOR = 0.0pt
(typearea)             \paperwidth      = 597.50793pt
(typearea)              \textwidth      = 448.13095pt
(typearea)              DIV departure   = -6%
(typearea)              \evensidemargin = 2.4185pt
(typearea)              \oddsidemargin  = 2.4185pt
(typearea)             \paperheight     = 845.04694pt
(typearea)              \textheight     = 635.5pt
(typearea)              \topmargin      = -41.72441pt
(typearea)              \headheight     = 18.125pt
(typearea)              \headsep        = 21.75pt
(typearea)              \topskip        = 12.0pt
(typearea)              \footskip       = 50.75pt
(typearea)              \baselineskip   = 14.5pt
(typearea)              on input line 1799.
)
\c@letter=\count190
)
Class scrlttr2 Info: Letter-Class-Option `DIN' loaded on input line 2.

(C:\Users\Admin\AppData\Roaming\MiKTeX\tex/latex/koma-script\DIN.lco
File: DIN.lco 2023/07/07 v3.41 KOMA-Script letter-class-option
)
(C:\Program Files\MiKTeX\tex/latex/base\fontenc.sty
Package: fontenc 2021/04/29 v2.0v Standard LaTeX package
)
(C:\Program Files\MiKTeX\tex/latex/base\inputenc.sty
Package: inputenc 2021/02/14 v1.3d Input encoding file
\inpenc@prehook=\toks18
\inpenc@posthook=\toks19
)
(C:\Program Files\MiKTeX\tex/generic/babel\babel.sty
Package: babel 2024/04/20 v24.4 The Babel package
\babel@savecnt=\count191
\U@D=\dimen140
\l@unhyphenated=\language79

(C:\Program Files\MiKTeX\tex/generic/babel\txtbabel.def)
\bbl@readstream=\read2
\bbl@dirlevel=\count192

*************************************
* Local config file bblopts.cfg used
*
(C:\Program Files\MiKTeX\tex/latex/arabi\bblopts.cfg
File: bblopts.cfg 2005/09/08 v0.1 add Arabic and Farsi to "declared" options of
 babel
)
(C:\Users\Admin\AppData\Roaming\MiKTeX\tex/latex/babel-german\ngerman.ldf
Language: ngerman 2024/01/19 v2.14 German support for babel (post-1996 orthogra
phy)

(C:\Users\Admin\AppData\Roaming\MiKTeX\tex/latex/babel-german\ngermanb.ldf
Language: ngermanb 2024/01/19 v2.14 German support for babel (post-1996 orthogr
aphy)
Package babel Info: Making " an active character on input line 122.
)))
(C:\Program Files\MiKTeX\tex/generic/babel/locale/de\babel-ngerman.tex
Package babel Info: Importing font and identification data for ngerman
(babel)             from babel-de.ini. Reported on input line 11.
)
LaTeX Font Info:    Trying to load font information for T1+cmss on input line 2
4.

(C:\Program Files\MiKTeX\tex/latex/base\t1cmss.fd
File: t1cmss.fd 2023/04/13 v2.5m Standard LaTeX font definitions
)
(C:\Program Files\MiKTeX\tex/latex/l3backend\l3backend-pdftex.def
File: l3backend-pdftex.def 2024-04-11 L3 backend support: PDF output (pdfTeX)
\l__color_backend_stack_int=\count193
\l__pdf_internal_box=\box51
)
(C:\Users\Admin\Programming\PycharmProjects\Brief2\output\letter.aux)
\openout1 = `letter.aux'.

LaTeX Font Info:    Checking defaults for OML/cmm/m/it on input line 24.
LaTeX Font Info:    ... okay on input line 24.
LaTeX Font Info:    Checking defaults for OMS/cmsy/m/n on input line 24.
LaTeX Font Info:    ... okay on input line 24.
LaTeX Font Info:    Checking defaults for OT1/cmr/m/n on input line 24.
LaTeX Font Info:    ... okay on input line 24.
LaTeX Font Info:    Checking defaults for T1/cmr/m/n on input line 24.
LaTeX Font Info:    ... okay on input line 24.
LaTeX Font Info:    Checking defaults for TS1/cmr/m/n on input line 24.
LaTeX Font Info:    ... okay on input line 24.
LaTeX Font Info:    Checking defaults for OMX/cmex/m/n on input line 24.
LaTeX Font Info:    ... okay on input line 24.
LaTeX Font Info:    Checking defaults for U/cmr/m/n on input line 24.
LaTeX Font Info:    ... okay on input line 24.
Class scrlttr2 Info: no date found for language `american'
(scrlttr2)           --> skipped on input line 24.
Class scrlttr2 Info: no date found for language `australian'
(scrlttr2)           --> skipped on input line 24.
Class scrlttr2 Info: no date found for language `british'
(scrlttr2)           --> skipped on input line 24.
Class scrlttr2 Info: no date found for language `canadian'
(scrlttr2)           --> skipped on input line 24.
Class scrlttr2 Info: no date found for language `newzealand'
(scrlttr2)           --> skipped on input line 24.
Class scrlttr2 Info: no date found for language `UKenglish'
(scrlttr2)           --> skipped on input line 24.
Class scrlttr2 Info: no date found for language `ukenglish'
(scrlttr2)           --> skipped on input line 24.
Class scrlttr2 Info: no date found for language `USenglish'
(scrlttr2)           --> skipped on input line 24.
Class scrlttr2 Info: no date found for language `usenglish'
(scrlttr2)           --> skipped on input line 24.
Package scrbase Info: activating ngerman \yourrefname on input line 24.
Package scrbase Info: activating ngerman \yourmailname on input line 24.
Package scrbase Info: activating ngerman \myrefname on input line 24.
Package scrbase Info: activating ngerman \customername on input line 24.
Package scrbase Info: activating ngerman \invoicename on input line 24.
Package scrbase Info: activating ngerman \subjectname on input line 24.
Package scrbase Info: activating ngerman \headfromname on input line 24.
Package scrbase Info: activating ngerman \datename on input line 24.
Package scrbase Info: activating ngerman \phonename on input line 24.
Package scrbase Info: activating ngerman \mobilephonename on input line 24.
Package scrbase Info: activating ngerman \faxname on input line 24.
Package scrbase Info: activating ngerman \emailname on input line 24.
Package scrbase Info: activating ngerman \wwwname on input line 24.
Package scrbase Info: activating ngerman \bankname on input line 24.
Class scrlttr2 Info: no date found for language `german'
(scrlttr2)           --> skipped on input line 24.
Class scrlttr2 Info: no date found for language `austrian'
(scrlttr2)           --> skipped on input line 24.
Class scrlttr2 Info: no date found for language `naustrian'
(scrlttr2)           --> skipped on input line 24.
Class scrlttr2 Info: no date found for language `swissgerman'
(scrlttr2)           --> skipped on input line 24.
Class scrlttr2 Info: no date found for language `nswissgerman'
(scrlttr2)           --> skipped on input line 24.
Class scrlttr2 Info: no date found for language `acadian'
(scrlttr2)           --> skipped on input line 24.
Class scrlttr2 Info: no date found for language `canadien'
(scrlttr2)           --> skipped on input line 24.
Class scrlttr2 Info: no date found for language `francais'
(scrlttr2)           --> skipped on input line 24.
Class scrlttr2 Info: no date found for language `french'
(scrlttr2)           --> skipped on input line 24.
Class scrlttr2 Info: no date found for language `italian'
(scrlttr2)           --> skipped on input line 24.
Class scrlttr2 Info: no date found for language `spanish'
(scrlttr2)           --> skipped on input line 24.
Class scrlttr2 Info: no date found for language `croatian'
(scrlttr2)           --> skipped on input line 24.
Class scrlttr2 Info: no date found for language `dutch'
(scrlttr2)           --> skipped on input line 24.
Class scrlttr2 Info: no date found for language `finnish'
(scrlttr2)           --> skipped on input line 24.
Class scrlttr2 Info: no date found for language `norsk'
(scrlttr2)           --> skipped on input line 24.
Class scrlttr2 Info: no date found for language `swedish'
(scrlttr2)           --> skipped on input line 24.
Class scrlttr2 Info: no date found for language `polish'
(scrlttr2)           --> skipped on input line 24.
Class scrlttr2 Info: no date found for language `czech'
(scrlttr2)           --> skipped on input line 24.
Class scrlttr2 Info: no date found for language `slovak'
(scrlttr2)           --> skipped on input line 24.
Class scrlttr2 Info: trying to activate captions and date
(scrlttr2)           of language `ngerman' on input line 24.
Class scrlttr2 Info: used language is `ngerman'.
(scrlttr2)           Supported languages are: `english', `UKenglish',
(scrlttr2)           `ukenglish', `british', `american', `USenglish',
(scrlttr2)           `usenglish', `australian`,`canadian', `newzealand',
(scrlttr2)           `german', `ngerman', `austrian', `naustrian',
(scrlttr2)           `swissgerman', `nswissgermsn',
(scrlttr2)           `acadian', `canadien', `francais', `french', 
(scrlttr2)           `dutch', `italian', `spanish', `polish',
(scrlttr2)           `croatian', `finnish', `norsk', `swedish',
(scrlttr2)           `czech', `slovak' on input line 24.

Foldmarks: yes
Head of first page
Foot of first page
Address (backaddress, addressee)
LaTeX Font Info:    External font `cmex10' loaded for size
(Font)              <12> on input line 28.
LaTeX Font Info:    External font `cmex10' loaded for size
(Font)              <8> on input line 28.
LaTeX Font Info:    External font `cmex10' loaded for size
(Font)              <6> on input line 28.
Location field: empty
Title: no
Subject: no
[1



{C:/Users/Admin/AppData/Local/MiKTeX/fonts/map/pdftex/pdftex.map}]
(C:\Users\Admin\Programming\PycharmProjects\Brief2\output\letter.aux)
 ***********
LaTeX2e <2023-11-01> patch level 1
L3 programming layer <2024-04-11>
 ***********
 ) 
Here is how much of TeX's memory you used:
 3474 strings out of 474370
 64999 string characters out of 5750350
 1929754 words of memory out of 5000000
 25886 multiletter control sequences out of 15000+600000
 563098 words of font info for 48 fonts, out of 8000000 for 9000
 1141 hyphenation exceptions out of 8191
 108i,8n,107p,300b,266s stack positions out of 10000i,1000n,20000p,200000b,200000s
 <C:\Users\Admin\AppData\Local\MiKTeX\fonts/pk/ljfour/jknappen/ec/dpi600\ecss
0800.pk> <C:\Users\Admin\AppData\Local\MiKTeX\fonts/pk/ljfour/jknappen/ec/dpi60
0\ecss1200.pk>
Output written on C:\Users\Admin\Programming\PycharmProjects\Brief2\output\lett
er.pdf (1 page, 19844 bytes).
PDF statistics:
 71 PDF objects out of 1000 (max. 8388607)
 0 named destinations out of 1000 (max. 500000)
 1 words of extra memory for PDF output out of 10000 (max. 10000000)

